<?xml version="1.0" encoding="UTF-8"?>
<!-- Generated by org.testng.reporters.JUnitXMLReporter -->
<testsuite ignored="0" hostname="DESKTOP-SKC049P" failures="0" tests="2" name="Default test" time="11.373" errors="0" timestamp="2024-12-18T19:43:20 IST">
  <testcase classname="packagemaven.Project_Maven.Test6" name="verify_searching_with_filters_category_price_range" time="0.047">
    <skipped/>
  </testcase> <!-- verify_searching_with_filters_category_price_range -->
  <testcase classname="packagemaven.Project_Maven.Test6" name="verify_searching_with_filters_category_price_range" time="1.773"/>
</testsuite> <!-- Default test -->
